[2019-12-04T20:26:10.855Z] starting `/usr/local/lib/heroku/bin/heroku update --autoupdate` from /usr/local/lib/heroku/bin/run version
waiting until 2019-12-04T21:26:10.835Z to update
waiting until 2019-12-04T21:27:05.836Z to update
waiting until 2019-12-04T21:27:05.836Z to update
waiting until 2019-12-04T21:27:05.836Z to update
waiting until 2019-12-04T21:27:05.836Z to update
waiting until 2019-12-04T21:30:31.011Z to update
waiting until 2019-12-04T21:30:31.011Z to update
waiting until 2019-12-04T21:30:31.011Z to update
waiting until 2019-12-04T21:30:31.011Z to update
waiting until 2019-12-04T21:30:31.011Z to update
waiting until 2019-12-04T21:30:31.011Z to update
waiting until 2019-12-04T21:30:31.011Z to update
waiting until 2019-12-04T21:30:31.011Z to update
waiting until 2019-12-04T21:30:31.011Z to update
waiting until 2019-12-04T21:30:31.011Z to update
waiting until 2019-12-04T21:30:31.011Z to update
waiting until 2019-12-04T21:30:31.011Z to update
waiting until 2019-12-04T21:30:31.011Z to update
waiting until 2019-12-04T21:30:31.011Z to update
waiting until 2019-12-04T21:30:31.011Z to update
waiting until 2019-12-04T21:30:31.011Z to update
waiting until 2019-12-04T21:30:31.011Z to update
waiting until 2019-12-04T21:30:31.011Z to update
waiting until 2019-12-04T21:30:31.011Z to update
waiting until 2019-12-04T21:30:31.011Z to update
waiting until 2019-12-04T21:30:31.011Z to update
waiting until 2019-12-04T21:30:31.011Z to update
waiting until 2019-12-04T21:30:31.011Z to update
waiting until 2019-12-04T21:30:31.011Z to update
waiting until 2019-12-04T21:30:31.011Z to update
waiting until 2019-12-04T21:30:31.011Z to update
waiting until 2019-12-04T21:30:31.011Z to update
waiting until 2019-12-04T21:30:31.011Z to update
waiting until 2019-12-04T21:30:31.011Z to update
waiting until 2019-12-04T21:30:31.011Z to update
waiting until 2019-12-04T21:30:31.011Z to update
waiting until 2019-12-04T21:30:31.011Z to update
waiting until 2019-12-04T21:30:31.011Z to update
waiting until 2019-12-04T21:30:31.011Z to update
waiting until 2019-12-04T21:30:31.011Z to update
waiting until 2019-12-04T21:30:31.011Z to update
waiting until 2019-12-04T21:30:31.011Z to update
waiting until 2019-12-04T21:30:31.011Z to update
waiting until 2019-12-04T21:30:31.011Z to update
waiting until 2019-12-04T21:30:31.011Z to update
waiting until 2019-12-04T21:30:31.011Z to update
waiting until 2019-12-04T21:30:31.011Z to update
waiting until 2019-12-04T21:30:31.011Z to update
waiting until 2019-12-04T21:30:31.011Z to update
waiting until 2019-12-04T21:30:31.011Z to update
waiting until 2019-12-04T21:30:31.011Z to update
waiting until 2019-12-04T21:30:31.011Z to update
waiting until 2019-12-04T21:30:31.011Z to update
waiting until 2019-12-04T21:30:31.011Z to update
waiting until 2019-12-04T21:30:31.011Z to update
waiting until 2019-12-04T21:30:31.011Z to update
waiting until 2019-12-04T21:30:31.011Z to update
waiting until 2019-12-04T21:30:31.011Z to update
waiting until 2019-12-04T21:30:31.011Z to update
waiting until 2019-12-04T21:30:31.011Z to update
waiting until 2019-12-04T21:30:31.011Z to update
waiting until 2019-12-04T21:30:31.011Z to update
waiting until 2019-12-04T21:30:31.011Z to update
waiting until 2019-12-04T21:30:31.011Z to update
waiting until 2019-12-04T21:30:31.011Z to update
time to update
heroku: Updating CLI... already on latest version: 7.35.0
Updating completions...
Updating completions... done
